<?xml version="1.0" encoding="UTF-8"?>
<testng-results skipped="0" failed="0" total="1" passed="1">
  <reporter-output>
  </reporter-output>
  <suite name="Default suite" duration-ms="3085" started-at="2017-10-03T06:09:08Z" finished-at="2017-10-03T06:09:12Z">
    <groups>
      <group name="cucumber">
        <method signature="AbstractTestNGCucumberTests.feature(cucumber.api.testng.CucumberFeatureWrapper)[pri:0, instance:admin.admin.TestRunner@27c20538]" name="feature" class="cucumber.api.testng.AbstractTestNGCucumberTests"/>
      </group> <!-- cucumber -->
    </groups>
    <test name="Default test" duration-ms="3085" started-at="2017-10-03T06:09:08Z" finished-at="2017-10-03T06:09:12Z">
      <class name="admin.admin.TestRunner">
        <test-method status="PASS" signature="setUpClass()[pri:0, instance:admin.admin.TestRunner@27c20538]" name="setUpClass" is-config="true" duration-ms="206" started-at="2017-10-03T11:39:08Z" finished-at="2017-10-03T11:39:09Z">
          <reporter-output>
          </reporter-output>
        </test-method> <!-- setUpClass -->
        <test-method status="PASS" signature="feature(cucumber.api.testng.CucumberFeatureWrapper)[pri:0, instance:admin.admin.TestRunner@27c20538]" name="feature" duration-ms="2813" started-at="2017-10-03T11:39:09Z" description="Runs Cucumber Feature" data-provider="features" finished-at="2017-10-03T11:39:12Z">
          <params>
            <param index="0">
              <value>
                <![CDATA[Validate Modular GUI pages]]>
              </value>
            </param>
          </params>
          <reporter-output>
          </reporter-output>
        </test-method> <!-- feature -->
        <test-method status="PASS" signature="tearDownClass()[pri:0, instance:admin.admin.TestRunner@27c20538]" name="tearDownClass" is-config="true" duration-ms="3" started-at="2017-10-03T11:39:12Z" finished-at="2017-10-03T11:39:12Z">
          <reporter-output>
          </reporter-output>
        </test-method> <!-- tearDownClass -->
      </class> <!-- admin.admin.TestRunner -->
    </test> <!-- Default test -->
  </suite> <!-- Default suite -->
</testng-results>
