<?xml version="1.0" encoding="UTF-8"?>
<testng-results skipped="0" failed="0" total="1" passed="1">
  <reporter-output>
  </reporter-output>
  <suite name="Default suite" duration-ms="30" started-at="2017-10-02T17:31:08Z" finished-at="2017-10-02T17:31:08Z">
    <groups>
    </groups>
    <test name="Default test" duration-ms="30" started-at="2017-10-02T17:31:08Z" finished-at="2017-10-02T17:31:08Z">
      <class name="admin.admin.App">
        <test-method status="PASS" signature="befTest()[pri:0, instance:admin.admin.App@1e397ed7]" name="befTest" is-config="true" duration-ms="8" started-at="2017-10-02T23:01:08Z" finished-at="2017-10-02T23:01:08Z">
          <reporter-output>
          </reporter-output>
        </test-method> <!-- befTest -->
        <test-method status="PASS" signature="befClass()[pri:0, instance:admin.admin.App@1e397ed7]" name="befClass" is-config="true" duration-ms="0" started-at="2017-10-02T23:01:08Z" finished-at="2017-10-02T23:01:08Z">
          <reporter-output>
          </reporter-output>
        </test-method> <!-- befClass -->
        <test-method status="PASS" signature="testng()[pri:0, instance:admin.admin.App@1e397ed7]" name="testng" duration-ms="6" started-at="2017-10-02T23:01:08Z" finished-at="2017-10-02T23:01:08Z">
          <reporter-output>
          </reporter-output>
        </test-method> <!-- testng -->
        <test-method status="PASS" signature="aftClass()[pri:0, instance:admin.admin.App@1e397ed7]" name="aftClass" is-config="true" duration-ms="0" started-at="2017-10-02T23:01:08Z" finished-at="2017-10-02T23:01:08Z">
          <reporter-output>
          </reporter-output>
        </test-method> <!-- aftClass -->
        <test-method status="PASS" signature="aftTest()[pri:0, instance:admin.admin.App@1e397ed7]" name="aftTest" is-config="true" duration-ms="0" started-at="2017-10-02T23:01:08Z" finished-at="2017-10-02T23:01:08Z">
          <reporter-output>
          </reporter-output>
        </test-method> <!-- aftTest -->
      </class> <!-- admin.admin.App -->
    </test> <!-- Default test -->
  </suite> <!-- Default suite -->
</testng-results>
